CRITICAL - 2024-09-10 01:27:18 --> CodeIgniter\View\Exceptions\ViewException: Invalid file: "admin/sidebar.php"
[Method: GET, Route: admin]
in SYSTEMPATH\Exceptions\FrameworkException.php on line 41.
 1 SYSTEMPATH\View\View.php(222): CodeIgniter\Exceptions\FrameworkException::forInvalidFile('admin/sidebar.php')
 2 SYSTEMPATH\Common.php(1169): CodeIgniter\View\View->render('admin/sidebar', [], true)
 3 APPPATH\Views\admin\index.php(1): view('admin/sidebar', [...])
 4 SYSTEMPATH\View\View.php(234): include('C:\\laragon\\www\\wws\\app\\Views\\admin\\index.php')
 5 SYSTEMPATH\View\View.php(237): CodeIgniter\View\View->CodeIgniter\View\{closure}()
 6 SYSTEMPATH\Common.php(1169): CodeIgniter\View\View->render('admin/index', [], true)
 7 APPPATH\Controllers\Admin.php(17): view('admin/index', [...])
 8 SYSTEMPATH\CodeIgniter.php(933): App\Controllers\Admin->index()
 9 SYSTEMPATH\CodeIgniter.php(509): CodeIgniter\CodeIgniter->runController(Object(App\Controllers\Admin))
10 SYSTEMPATH\CodeIgniter.php(355): CodeIgniter\CodeIgniter->handleRequest(null, Object(Config\Cache), false)
11 SYSTEMPATH\Boot.php(325): CodeIgniter\CodeIgniter->run()
12 SYSTEMPATH\Boot.php(67): CodeIgniter\Boot::runCodeIgniter(Object(CodeIgniter\CodeIgniter))
13 FCPATH\index.php(56): CodeIgniter\Boot::bootWeb(Object(Config\Paths))
CRITICAL - 2024-09-10 01:31:18 --> CodeIgniter\View\Exceptions\ViewException: Invalid file: "admin/sidebar.php"
[Method: GET, Route: admin]
in SYSTEMPATH\Exceptions\FrameworkException.php on line 41.
 1 SYSTEMPATH\View\View.php(222): CodeIgniter\Exceptions\FrameworkException::forInvalidFile('admin/sidebar.php')
 2 SYSTEMPATH\Common.php(1169): CodeIgniter\View\View->render('admin/sidebar', [], true)
 3 APPPATH\Views\admin\index.php(1): view('admin/sidebar', [...])
 4 SYSTEMPATH\View\View.php(234): include('C:\\laragon\\www\\wws\\app\\Views\\admin\\index.php')
 5 SYSTEMPATH\View\View.php(237): CodeIgniter\View\View->CodeIgniter\View\{closure}()
 6 SYSTEMPATH\Common.php(1169): CodeIgniter\View\View->render('admin/index', [], true)
 7 APPPATH\Controllers\Admin.php(17): view('admin/index', [...])
 8 SYSTEMPATH\CodeIgniter.php(933): App\Controllers\Admin->index()
 9 SYSTEMPATH\CodeIgniter.php(509): CodeIgniter\CodeIgniter->runController(Object(App\Controllers\Admin))
10 SYSTEMPATH\CodeIgniter.php(355): CodeIgniter\CodeIgniter->handleRequest(null, Object(Config\Cache), false)
11 SYSTEMPATH\Boot.php(325): CodeIgniter\CodeIgniter->run()
12 SYSTEMPATH\Boot.php(67): CodeIgniter\Boot::runCodeIgniter(Object(CodeIgniter\CodeIgniter))
13 FCPATH\index.php(56): CodeIgniter\Boot::bootWeb(Object(Config\Paths))
CRITICAL - 2024-09-10 01:31:20 --> CodeIgniter\View\Exceptions\ViewException: Invalid file: "admin/sidebar.php"
[Method: GET, Route: admin]
in SYSTEMPATH\Exceptions\FrameworkException.php on line 41.
 1 SYSTEMPATH\View\View.php(222): CodeIgniter\Exceptions\FrameworkException::forInvalidFile('admin/sidebar.php')
 2 SYSTEMPATH\Common.php(1169): CodeIgniter\View\View->render('admin/sidebar', [], true)
 3 APPPATH\Views\admin\index.php(1): view('admin/sidebar', [...])
 4 SYSTEMPATH\View\View.php(234): include('C:\\laragon\\www\\wws\\app\\Views\\admin\\index.php')
 5 SYSTEMPATH\View\View.php(237): CodeIgniter\View\View->CodeIgniter\View\{closure}()
 6 SYSTEMPATH\Common.php(1169): CodeIgniter\View\View->render('admin/index', [], true)
 7 APPPATH\Controllers\Admin.php(17): view('admin/index', [...])
 8 SYSTEMPATH\CodeIgniter.php(933): App\Controllers\Admin->index()
 9 SYSTEMPATH\CodeIgniter.php(509): CodeIgniter\CodeIgniter->runController(Object(App\Controllers\Admin))
10 SYSTEMPATH\CodeIgniter.php(355): CodeIgniter\CodeIgniter->handleRequest(null, Object(Config\Cache), false)
11 SYSTEMPATH\Boot.php(325): CodeIgniter\CodeIgniter->run()
12 SYSTEMPATH\Boot.php(67): CodeIgniter\Boot::runCodeIgniter(Object(CodeIgniter\CodeIgniter))
13 FCPATH\index.php(56): CodeIgniter\Boot::bootWeb(Object(Config\Paths))
