CRITICAL - 2024-09-12 00:27:50 --> CodeIgniter\View\Exceptions\ViewException: Invalid file: "stores/index.php"
[Method: GET, Route: stores]
in SYSTEMPATH\Exceptions\FrameworkException.php on line 41.
 1 SYSTEMPATH\View\View.php(222): CodeIgniter\Exceptions\FrameworkException::forInvalidFile('stores/index.php')
 2 SYSTEMPATH\Common.php(1169): CodeIgniter\View\View->render('stores/index', [], true)
 3 APPPATH\Controllers\Stores.php(17): view('stores/index', [...])
 4 SYSTEMPATH\CodeIgniter.php(933): App\Controllers\Stores->index()
 5 SYSTEMPATH\CodeIgniter.php(509): CodeIgniter\CodeIgniter->runController(Object(App\Controllers\Stores))
 6 SYSTEMPATH\CodeIgniter.php(355): CodeIgniter\CodeIgniter->handleRequest(null, Object(Config\Cache), false)
 7 SYSTEMPATH\Boot.php(325): CodeIgniter\CodeIgniter->run()
 8 SYSTEMPATH\Boot.php(67): CodeIgniter\Boot::runCodeIgniter(Object(CodeIgniter\CodeIgniter))
 9 FCPATH\index.php(56): CodeIgniter\Boot::bootWeb(Object(Config\Paths))
CRITICAL - 2024-09-12 00:28:29 --> CodeIgniter\View\Exceptions\ViewException: Invalid file: "admin/stores/index.php"
[Method: GET, Route: stores]
in SYSTEMPATH\Exceptions\FrameworkException.php on line 41.
 1 SYSTEMPATH\View\View.php(222): CodeIgniter\Exceptions\FrameworkException::forInvalidFile('admin/stores/index.php')
 2 SYSTEMPATH\Common.php(1169): CodeIgniter\View\View->render('admin/stores/index', [], true)
 3 APPPATH\Controllers\Stores.php(17): view('admin/stores/index', [...])
 4 SYSTEMPATH\CodeIgniter.php(933): App\Controllers\Stores->index()
 5 SYSTEMPATH\CodeIgniter.php(509): CodeIgniter\CodeIgniter->runController(Object(App\Controllers\Stores))
 6 SYSTEMPATH\CodeIgniter.php(355): CodeIgniter\CodeIgniter->handleRequest(null, Object(Config\Cache), false)
 7 SYSTEMPATH\Boot.php(325): CodeIgniter\CodeIgniter->run()
 8 SYSTEMPATH\Boot.php(67): CodeIgniter\Boot::runCodeIgniter(Object(CodeIgniter\CodeIgniter))
 9 FCPATH\index.php(56): CodeIgniter\Boot::bootWeb(Object(Config\Paths))
CRITICAL - 2024-09-12 00:30:57 --> CodeIgniter\View\Exceptions\ViewException: Invalid file: "admin/store.php"
[Method: GET, Route: stores]
in SYSTEMPATH\Exceptions\FrameworkException.php on line 41.
 1 SYSTEMPATH\View\View.php(222): CodeIgniter\Exceptions\FrameworkException::forInvalidFile('admin/store.php')
 2 SYSTEMPATH\Common.php(1169): CodeIgniter\View\View->render('admin/store', [], true)
 3 APPPATH\Controllers\Stores.php(17): view('admin/store', [...])
 4 SYSTEMPATH\CodeIgniter.php(933): App\Controllers\Stores->index()
 5 SYSTEMPATH\CodeIgniter.php(509): CodeIgniter\CodeIgniter->runController(Object(App\Controllers\Stores))
 6 SYSTEMPATH\CodeIgniter.php(355): CodeIgniter\CodeIgniter->handleRequest(null, Object(Config\Cache), false)
 7 SYSTEMPATH\Boot.php(325): CodeIgniter\CodeIgniter->run()
 8 SYSTEMPATH\Boot.php(67): CodeIgniter\Boot::runCodeIgniter(Object(CodeIgniter\CodeIgniter))
 9 FCPATH\index.php(56): CodeIgniter\Boot::bootWeb(Object(Config\Paths))
CRITICAL - 2024-09-12 00:31:02 --> CodeIgniter\View\Exceptions\ViewException: Invalid file: "admin/store.php"
[Method: GET, Route: stores]
in SYSTEMPATH\Exceptions\FrameworkException.php on line 41.
 1 SYSTEMPATH\View\View.php(222): CodeIgniter\Exceptions\FrameworkException::forInvalidFile('admin/store.php')
 2 SYSTEMPATH\Common.php(1169): CodeIgniter\View\View->render('admin/store', [], true)
 3 APPPATH\Controllers\Stores.php(17): view('admin/store', [...])
 4 SYSTEMPATH\CodeIgniter.php(933): App\Controllers\Stores->index()
 5 SYSTEMPATH\CodeIgniter.php(509): CodeIgniter\CodeIgniter->runController(Object(App\Controllers\Stores))
 6 SYSTEMPATH\CodeIgniter.php(355): CodeIgniter\CodeIgniter->handleRequest(null, Object(Config\Cache), false)
 7 SYSTEMPATH\Boot.php(325): CodeIgniter\CodeIgniter->run()
 8 SYSTEMPATH\Boot.php(67): CodeIgniter\Boot::runCodeIgniter(Object(CodeIgniter\CodeIgniter))
 9 FCPATH\index.php(56): CodeIgniter\Boot::bootWeb(Object(Config\Paths))
CRITICAL - 2024-09-12 00:41:50 --> CodeIgniter\View\Exceptions\ViewException: Invalid file: "../admin/components/sidebar.php"
[Method: GET, Route: stores]
in SYSTEMPATH\Exceptions\FrameworkException.php on line 41.
 1 SYSTEMPATH\View\View.php(222): CodeIgniter\Exceptions\FrameworkException::forInvalidFile('../admin/components/sidebar.php')
 2 SYSTEMPATH\Common.php(1169): CodeIgniter\View\View->render('../admin/components/sidebar', [], true)
 3 APPPATH\Views\admin\stores.php(1): view('../admin/components/sidebar', [...])
 4 SYSTEMPATH\View\View.php(234): include('C:\\laragon\\www\\wws\\app\\Views\\admin\\stores.php')
 5 SYSTEMPATH\View\View.php(237): CodeIgniter\View\View->CodeIgniter\View\{closure}()
 6 SYSTEMPATH\Common.php(1169): CodeIgniter\View\View->render('admin/stores', [], true)
 7 APPPATH\Controllers\Stores.php(17): view('admin/stores', [...])
 8 SYSTEMPATH\CodeIgniter.php(933): App\Controllers\Stores->index()
 9 SYSTEMPATH\CodeIgniter.php(509): CodeIgniter\CodeIgniter->runController(Object(App\Controllers\Stores))
10 SYSTEMPATH\CodeIgniter.php(355): CodeIgniter\CodeIgniter->handleRequest(null, Object(Config\Cache), false)
11 SYSTEMPATH\Boot.php(325): CodeIgniter\CodeIgniter->run()
12 SYSTEMPATH\Boot.php(67): CodeIgniter\Boot::runCodeIgniter(Object(CodeIgniter\CodeIgniter))
13 FCPATH\index.php(56): CodeIgniter\Boot::bootWeb(Object(Config\Paths))
CRITICAL - 2024-09-12 05:54:19 --> CodeIgniter\View\Exceptions\ViewException: Invalid file: "admin/brands.php"
[Method: GET, Route: brands]
in SYSTEMPATH\Exceptions\FrameworkException.php on line 41.
 1 SYSTEMPATH\View\View.php(222): CodeIgniter\Exceptions\FrameworkException::forInvalidFile('admin/brands.php')
 2 SYSTEMPATH\Common.php(1169): CodeIgniter\View\View->render('admin/brands', [], true)
 3 APPPATH\Controllers\Brands.php(17): view('admin/brands', [...])
 4 SYSTEMPATH\CodeIgniter.php(933): App\Controllers\Brands->index()
 5 SYSTEMPATH\CodeIgniter.php(509): CodeIgniter\CodeIgniter->runController(Object(App\Controllers\Brands))
 6 SYSTEMPATH\CodeIgniter.php(355): CodeIgniter\CodeIgniter->handleRequest(null, Object(Config\Cache), false)
 7 SYSTEMPATH\Boot.php(325): CodeIgniter\CodeIgniter->run()
 8 SYSTEMPATH\Boot.php(67): CodeIgniter\Boot::runCodeIgniter(Object(CodeIgniter\CodeIgniter))
 9 FCPATH\index.php(56): CodeIgniter\Boot::bootWeb(Object(Config\Paths))
